<mule xmlns="http://www.mulesoft.org/schema/mule/core"
      xmlns:xsi="http://www.w3.org/2001/XMLSchema-instance"
      xmlns:mule-github="http://www.mulesoft.org/schema/mule/mule-github"
      xsi:schemaLocation="http://www.mulesoft.org/schema/mule/core http://www.mulesoft.org/schema/mule/core/current/mule.xsd
          http://www.mulesoft.org/schema/mule/mule-github http://www.mulesoft.org/schema/mule/mule-github/current/mule-mule-github.xsd">mvn list
</mule>
